<?xml version="1.0" encoding="UTF-8"?>
<!-- Generated by org.testng.reporters.JUnitXMLReporter -->
<testsuite ignored="0" hostname="DESKTOP-MP16OKR" failures="1" tests="1" name="EdgeTest" time="32.916" errors="0" timestamp="2023-07-29T15:54:02 IST">
  <testcase classname="testCases.TC_001_AccountRigistrationTest" name="AccountRegistrationTest" time="10.557">
    <failure type="java.lang.AssertionError" message="null">
      <![CDATA[java.lang.AssertionError: null
at testCases.TC_001_AccountRigistrationTest.AccountRegistrationTest(TC_001_AccountRigistrationTest.java:59)
at java.base/java.util.ArrayList.forEach(ArrayList.java:1511)
at java.base/java.util.concurrent.FutureTask.run(FutureTask.java:264)
at java.base/java.util.concurrent.ThreadPoolExecutor.runWorker(ThreadPoolExecutor.java:1136)
at java.base/java.util.concurrent.ThreadPoolExecutor$Worker.run(ThreadPoolExecutor.java:635)
at java.base/java.lang.Thread.run(Thread.java:833)
... Removed 19 stack frames]]>
    </failure>
  </testcase> <!-- AccountRegistrationTest -->
</testsuite> <!-- EdgeTest -->
